<?xml version="1.0" encoding="UTF-8"?>
<Site BuildName="Win32-mingw32-make"
	BuildStamp="20240215-0843-Experimental"
	Name="DESKTOP-G3Q5BB8"
	Generator="ctest-3.29.0-rc1"
	CompilerName="C:/msys64/ucrt64/bin/g++.exe"
	CompilerVersion="13.2.0"
	OSName="Windows"
	Hostname="DESKTOP-G3Q5BB8"
	OSRelease=" Professional"
	OSVersion=" (Build 22631)"
	OSPlatform="AMD64"
	Is64Bits="1"
	VendorString="GenuineIntel"
	VendorID="Intel Corporation"
	FamilyID="6"
	ModelID="10"
	ProcessorCacheSize="-1"
	NumberOfLogicalCPU="20"
	NumberOfPhysicalCPU="14"
	TotalVirtualMemory="34500"
	TotalPhysicalMemory="32452"
	LogicalProcessorsPerPhysical="1"
	ProcessorClockFrequency="2803"
	>
	<Testing>
		<StartDateTime>Feb 15 14:38 GTB Standard Time</StartDateTime>
		<StartTestTime>1708000686</StartTestTime>
		<TestList/>
		<EndDateTime>Feb 15 14:38 GTB Standard Time</EndDateTime>
		<EndTestTime>1708000686</EndTestTime>
		<ElapsedMinutes>0</ElapsedMinutes>
	</Testing>
</Site>
